163 [main] DEBUG configuration.EnvironmentProperty - >>>>>>> Environment name: env_int
171 [main] DEBUG configuration.EnvironmentProperty - #### Loading property from uri file:/C:/Java/SeleniumAutomationPractice/target/classes/env_int
172 [main] DEBUG configuration.EnvironmentProperty - ****Loading environment property env_name = env_int 
172 [main] DEBUG configuration.EnvironmentProperty - ****Loading environment property appUrl = http://automationpractice.com/index.php 
172 [main] DEBUG configuration.EnvironmentProperty - ****Loading environment property explicitWait = 15 
173 [main] DEBUG configuration.EnvironmentProperty - #### Properties loaded from env_int : 3
506 [main] DEBUG i.g.b.wdm.cache.ResolutionCache - Resolution chrome=91 in cache (valid until 22:29:21 14/06/2021 CEST)
507 [main] DEBUG i.g.b.wdm.cache.ResolutionCache - Resolution chrome91=91.0.4472.101 in cache (valid until 21:29:21 15/06/2021 CEST)
507 [main] INFO  i.g.bonigarcia.wdm.WebDriverManager - Using chromedriver 91.0.4472.101 (resolved driver for Chrome 91)
510 [main] TRACE i.g.b.wdm.cache.CacheHandler - Checking if chromedriver exists in cache
518 [main] TRACE i.g.b.wdm.cache.CacheHandler - Filter cache by chromedriver -- input list [C:\Users\bmurzynowska\.cache\selenium\chromedriver\win32\90.0.4430.24\chromedriver.exe, C:\Users\bmurzynowska\.cache\selenium\chromedriver\win32\91.0.4472.101\chromedriver.exe, C:\Users\bmurzynowska\.cache\selenium\chromedriver\win32\91.0.4472.19\chromedriver.exe, C:\Users\bmurzynowska\.cache\selenium\resolution.properties] -- output list [C:\Users\bmurzynowska\.cache\selenium\chromedriver\win32\90.0.4430.24\chromedriver.exe, C:\Users\bmurzynowska\.cache\selenium\chromedriver\win32\91.0.4472.101\chromedriver.exe, C:\Users\bmurzynowska\.cache\selenium\chromedriver\win32\91.0.4472.19\chromedriver.exe] 
518 [main] TRACE i.g.b.wdm.cache.CacheHandler - Filter cache by 91.0.4472.101 -- input list [C:\Users\bmurzynowska\.cache\selenium\chromedriver\win32\90.0.4430.24\chromedriver.exe, C:\Users\bmurzynowska\.cache\selenium\chromedriver\win32\91.0.4472.101\chromedriver.exe, C:\Users\bmurzynowska\.cache\selenium\chromedriver\win32\91.0.4472.19\chromedriver.exe] -- output list [C:\Users\bmurzynowska\.cache\selenium\chromedriver\win32\91.0.4472.101\chromedriver.exe] 
518 [main] TRACE i.g.b.wdm.cache.CacheHandler - Filter cache by WIN -- input list [C:\Users\bmurzynowska\.cache\selenium\chromedriver\win32\91.0.4472.101\chromedriver.exe] -- output list [C:\Users\bmurzynowska\.cache\selenium\chromedriver\win32\91.0.4472.101\chromedriver.exe] 
519 [main] DEBUG i.g.bonigarcia.wdm.WebDriverManager - Driver chromedriver 91.0.4472.101 found in cache
519 [main] INFO  i.g.bonigarcia.wdm.WebDriverManager - Exporting webdriver.chrome.driver as C:\Users\bmurzynowska\.cache\selenium\chromedriver\win32\91.0.4472.101\chromedriver.exe
1783 [main] INFO  WebListener.class - >>>>>>>>>>>>>>>>>>>Before navigate: Navigate to page: http://automationpractice.com/index.php<<<<<<<<<<<
7988 [main] INFO  WebListener.class - >>>>>>>>>>>>>>>>>>>After navigate: Navigate to page: http://automationpractice.com/index.php<<<<<<<<<<<
7988 [main] DEBUG TestBase.class - Driver initialized
8001 [main] DEBUG TestBase.class - create object homePage
8105 [main] DEBUG WaitTypes.class - Waiting for max: 15 seconds for element to be available
8181 [main] DEBUG WaitTypes.class - Element clicked on the web page
8195 [main] DEBUG BasePage.class - CLicking button: Printed Summer Dress
8212 [main] INFO  WebListener.class - >>>>>>>>>>>>>>>>>>>Before click: Clicking on element: Printed Summer Dress<<<<<<<<<<<
13675 [main] INFO  WebListener.class - >>>>>>>>>>>>>>>>>>>After click: Clicking on element: <<<<<<<<<<<
13745 [main] DEBUG WaitTypes.class - Element appeared on the web page
13825 [main] DEBUG WaitTypes.class - Element appeared on the web page
14462 [main] DEBUG TestBase.class - Driver closed
14474 [main] DEBUG i.g.b.wdm.cache.ResolutionCache - Resolution chrome=91 in cache (valid until 22:29:21 14/06/2021 CEST)
14474 [main] DEBUG i.g.b.wdm.cache.ResolutionCache - Resolution chrome91=91.0.4472.101 in cache (valid until 21:29:21 15/06/2021 CEST)
14474 [main] INFO  i.g.bonigarcia.wdm.WebDriverManager - Using chromedriver 91.0.4472.101 (resolved driver for Chrome 91)
14476 [main] TRACE i.g.b.wdm.cache.CacheHandler - Checking if chromedriver exists in cache
14477 [main] TRACE i.g.b.wdm.cache.CacheHandler - Filter cache by chromedriver -- input list [C:\Users\bmurzynowska\.cache\selenium\chromedriver\win32\90.0.4430.24\chromedriver.exe, C:\Users\bmurzynowska\.cache\selenium\chromedriver\win32\91.0.4472.101\chromedriver.exe, C:\Users\bmurzynowska\.cache\selenium\chromedriver\win32\91.0.4472.19\chromedriver.exe, C:\Users\bmurzynowska\.cache\selenium\resolution.properties] -- output list [C:\Users\bmurzynowska\.cache\selenium\chromedriver\win32\90.0.4430.24\chromedriver.exe, C:\Users\bmurzynowska\.cache\selenium\chromedriver\win32\91.0.4472.101\chromedriver.exe, C:\Users\bmurzynowska\.cache\selenium\chromedriver\win32\91.0.4472.19\chromedriver.exe] 
14477 [main] TRACE i.g.b.wdm.cache.CacheHandler - Filter cache by 91.0.4472.101 -- input list [C:\Users\bmurzynowska\.cache\selenium\chromedriver\win32\90.0.4430.24\chromedriver.exe, C:\Users\bmurzynowska\.cache\selenium\chromedriver\win32\91.0.4472.101\chromedriver.exe, C:\Users\bmurzynowska\.cache\selenium\chromedriver\win32\91.0.4472.19\chromedriver.exe] -- output list [C:\Users\bmurzynowska\.cache\selenium\chromedriver\win32\91.0.4472.101\chromedriver.exe] 
14477 [main] TRACE i.g.b.wdm.cache.CacheHandler - Filter cache by WIN -- input list [C:\Users\bmurzynowska\.cache\selenium\chromedriver\win32\91.0.4472.101\chromedriver.exe] -- output list [C:\Users\bmurzynowska\.cache\selenium\chromedriver\win32\91.0.4472.101\chromedriver.exe] 
14478 [main] DEBUG i.g.bonigarcia.wdm.WebDriverManager - Driver chromedriver 91.0.4472.101 found in cache
14478 [main] INFO  i.g.bonigarcia.wdm.WebDriverManager - Exporting webdriver.chrome.driver as C:\Users\bmurzynowska\.cache\selenium\chromedriver\win32\91.0.4472.101\chromedriver.exe
15477 [main] INFO  WebListener.class - >>>>>>>>>>>>>>>>>>>Before navigate: Navigate to page: http://automationpractice.com/index.php<<<<<<<<<<<
23973 [main] INFO  WebListener.class - >>>>>>>>>>>>>>>>>>>After navigate: Navigate to page: http://automationpractice.com/index.php<<<<<<<<<<<
23973 [main] DEBUG TestBase.class - Driver initialized
23973 [main] DEBUG TestBase.class - create object homePage
24074 [main] DEBUG WaitTypes.class - Waiting for max: 15 seconds for element to be available
24132 [main] DEBUG WaitTypes.class - Element clicked on the web page
24146 [main] DEBUG BasePage.class - CLicking button: Printed Summer Dress
24161 [main] INFO  WebListener.class - >>>>>>>>>>>>>>>>>>>Before click: Clicking on element: Printed Summer Dress<<<<<<<<<<<
29450 [main] INFO  WebListener.class - >>>>>>>>>>>>>>>>>>>After click: Clicking on element: <<<<<<<<<<<
29483 [main] DEBUG WaitTypes.class - Element appeared on the web page
29576 [main] DEBUG WaitTypes.class - Element appeared on the web page
30205 [main] DEBUG TestBase.class - Driver closed
